<?xml version="1.0" encoding="utf-8"?><testsuites><testsuite name="my_suite" errors="0" failures="0" skipped="0" tests="0" time="0.007" timestamp="2024-04-27T13:41:48.658384" hostname="dx2023" /></testsuites>