<?xml version="1.0" encoding="utf-8"?><testsuites><testsuite name="deixei_sharp_testing_for_pytest" errors="0" failures="0" skipped="0" tests="1" time="1.228" timestamp="2024-05-05T14:34:07.965495" hostname="dx2023"><testcase classname="test_my_test_plan2.test_my_test_suite_3" name="test_my_test_case_4" time="1.204" /></testsuite></testsuites>