<?xml version="1.0" encoding="utf-8"?><testsuites><testsuite name="my_suite" errors="0" failures="0" skipped="0" tests="1" time="22.358" timestamp="2024-05-05T11:23:11.563512" hostname="dx2023"><testcase classname="test_my_test_plan2.test_my_test_suite_3" name="test_my_test_case_5" time="17.246" /></testsuite></testsuites>