<?xml version="1.0" encoding="utf-8"?><testsuites><testsuite name="my_suite" errors="0" failures="0" skipped="0" tests="1" time="0.012" timestamp="2024-04-28T18:24:09.480894" hostname="dx2023"><testcase classname="test_my_test_plan2.test_my_test_suite_2" name="test_my_test_case_2" time="0.000" /></testsuite></testsuites>