<?xml version="1.0" encoding="utf-8"?><testsuites><testsuite name="my_suite" errors="0" failures="1" skipped="0" tests="1" time="0.019" timestamp="2024-04-28T11:33:35.330516" hostname="dx2023"><testcase classname="test_my_test_plan2.test_my_test_suite_2" name="test_my_test_case_3" time="0.000"><failure message="AssertionError: assert 'Windows 10' != 'Windows 10'">ado_config = [{'name': 'Operating System', 'value': 'Windows 10'}]

    @pytest.mark.test_id(28)
    def test_my_test_case_3(ado_config):
    	# wi: 28
    	# tc: My test case description
    	print("This is a test function")
    	print(f"test_print_name_3(name): {ado_config}")
    
    	for config_item in ado_config:
    		name = config_item["name"]
    		value = config_item["value"]
    
    		print(f"{name}: {value}")
    
    		if name == "my_var":
    			assert value == "my_value"
    
    		if name == "my_var2":
    			assert value == "my_value3"
    
    
&gt;   		assert value != "Windows 10"
E     AssertionError: assert 'Windows 10' != 'Windows 10'

tests/test_my_test_plan2/test_my_test_suite_2.py:33: AssertionError</failure></testcase></testsuite></testsuites>